<?xml version="1.0" encoding="UTF-8"?>
<testng-results ignored="0" total="10" passed="8" failed="2" skipped="0">
  <reporter-output>
  </reporter-output>
  <suite started-at="2024-09-12T23:33:34 IST" name="TestNG Regression suite" finished-at="2024-09-12T23:34:27 IST" duration-ms="53559">
    <groups>
    </groups>
    <test started-at="2024-09-12T23:33:34 IST" name="Google" finished-at="2024-09-12T23:34:26 IST" duration-ms="52306">
      <class name="testNGFeatures.GooglePageTest">
        <test-method is-config="true" signature="setUp(java.lang.String,java.lang.String)[pri:0, instance:testNGFeatures.GooglePageTest@19932c16]" started-at="2024-09-12T23:33:34 IST" name="setUp" finished-at="2024-09-12T23:34:12 IST" duration-ms="37655" status="PASS">
          <params>
            <param index="0">
              <value>
                <![CDATA[https://www.google.com]]>
              </value>
            </param>
            <param index="1">
              <value>
                <![CDATA[chrome]]>
              </value>
            </param>
          </params>
          <reporter-output>
          </reporter-output>
        </test-method> <!-- setUp -->
        <test-method signature="getUrl()[pri:0, instance:testNGFeatures.GooglePageTest@19932c16]" started-at="2024-09-12T23:34:12 IST" name="getUrl" finished-at="2024-09-12T23:34:13 IST" duration-ms="1111" status="PASS">
          <reporter-output>
          </reporter-output>
        </test-method> <!-- getUrl -->
        <test-method signature="googlePageTitle()[pri:0, instance:testNGFeatures.GooglePageTest@19932c16]" started-at="2024-09-12T23:34:13 IST" name="googlePageTitle" finished-at="2024-09-12T23:34:13 IST" duration-ms="103" status="PASS">
          <reporter-output>
          </reporter-output>
        </test-method> <!-- googlePageTitle -->
        <test-method is-config="true" signature="tearDown()[pri:0, instance:testNGFeatures.GooglePageTest@19932c16]" started-at="2024-09-12T23:34:13 IST" name="tearDown" finished-at="2024-09-12T23:34:26 IST" duration-ms="12712" status="PASS">
          <reporter-output>
          </reporter-output>
        </test-method> <!-- tearDown -->
      </class> <!-- testNGFeatures.GooglePageTest -->
    </test> <!-- Google -->
    <test started-at="2024-09-12T23:33:34 IST" name="OrangeHRM" finished-at="2024-09-12T23:34:27 IST" duration-ms="53308">
      <class name="testNGFeatures.OrangeHRMPageTest">
        <test-method is-config="true" signature="setUp(java.lang.String,java.lang.String)[pri:0, instance:testNGFeatures.OrangeHRMPageTest@35841320]" started-at="2024-09-12T23:33:34 IST" name="setUp" finished-at="2024-09-12T23:34:22 IST" duration-ms="47657" status="PASS">
          <params>
            <param index="0">
              <value>
                <![CDATA[https://orangehrm.com/30-day-free-trial]]>
              </value>
            </param>
            <param index="1">
              <value>
                <![CDATA[chrome]]>
              </value>
            </param>
          </params>
          <reporter-output>
          </reporter-output>
        </test-method> <!-- setUp -->
        <test-method signature="OrangePageTitle()[pri:0, instance:testNGFeatures.OrangeHRMPageTest@35841320]" started-at="2024-09-12T23:34:22 IST" name="OrangePageTitle" finished-at="2024-09-12T23:34:22 IST" duration-ms="48" status="PASS">
          <reporter-output>
          </reporter-output>
        </test-method> <!-- OrangePageTitle -->
        <test-method signature="getUrl()[pri:0, instance:testNGFeatures.OrangeHRMPageTest@35841320]" started-at="2024-09-12T23:34:22 IST" name="getUrl" finished-at="2024-09-12T23:34:22 IST" duration-ms="47" status="PASS">
          <reporter-output>
          </reporter-output>
        </test-method> <!-- getUrl -->
        <test-method is-config="true" signature="tearDown()[pri:0, instance:testNGFeatures.OrangeHRMPageTest@35841320]" started-at="2024-09-12T23:34:22 IST" name="tearDown" finished-at="2024-09-12T23:34:27 IST" duration-ms="5281" status="PASS">
          <reporter-output>
          </reporter-output>
        </test-method> <!-- tearDown -->
      </class> <!-- testNGFeatures.OrangeHRMPageTest -->
    </test> <!-- OrangeHRM -->
    <test started-at="2024-09-12T23:33:34 IST" name="Open Cart Login Page Test" finished-at="2024-09-12T23:34:27 IST" duration-ms="53559">
      <class name="testNGFeatures.LoginPageTest">
        <test-method is-config="true" signature="setUp(java.lang.String,java.lang.String)[pri:0, instance:testNGFeatures.LoginPageTest@28261e8e]" started-at="2024-09-12T23:33:34 IST" name="setUp" finished-at="2024-09-12T23:34:12 IST" duration-ms="37585" status="PASS">
          <params>
            <param index="0">
              <value>
                <![CDATA[https://naveenautomationlabs.com/opencart/index.php?route=account/login]]>
              </value>
            </param>
            <param index="1">
              <value>
                <![CDATA[chrome]]>
              </value>
            </param>
          </params>
          <reporter-output>
          </reporter-output>
        </test-method> <!-- setUp -->
        <test-method signature="LoginPageTitleTest()[pri:0, instance:testNGFeatures.LoginPageTest@28261e8e]" started-at="2024-09-12T23:34:12 IST" name="LoginPageTitleTest" finished-at="2024-09-12T23:34:13 IST" duration-ms="863" status="PASS">
          <reporter-output>
          </reporter-output>
        </test-method> <!-- LoginPageTitleTest -->
        <test-method signature="LoginPageURLTest()[pri:0, instance:testNGFeatures.LoginPageTest@28261e8e]" started-at="2024-09-12T23:34:13 IST" name="LoginPageURLTest" finished-at="2024-09-12T23:34:13 IST" duration-ms="173" status="PASS">
          <reporter-output>
          </reporter-output>
        </test-method> <!-- LoginPageURLTest -->
        <test-method signature="loginPageLogoDisplayTest()[pri:0, instance:testNGFeatures.LoginPageTest@28261e8e]" started-at="2024-09-12T23:34:13 IST" name="loginPageLogoDisplayTest" finished-at="2024-09-12T23:34:14 IST" duration-ms="1242" status="PASS">
          <reporter-output>
          </reporter-output>
        </test-method> <!-- loginPageLogoDisplayTest -->
        <test-method signature="loginPageforgotPwdLinkDisplayTest()[pri:0, instance:testNGFeatures.LoginPageTest@28261e8e]" started-at="2024-09-12T23:34:14 IST" name="loginPageforgotPwdLinkDisplayTest" finished-at="2024-09-12T23:34:15 IST" duration-ms="353" status="PASS">
          <reporter-output>
          </reporter-output>
        </test-method> <!-- loginPageforgotPwdLinkDisplayTest -->
        <test-method signature="loginTest(java.lang.String,java.lang.String)[pri:0, instance:testNGFeatures.LoginPageTest@28261e8e]" started-at="2024-09-12T23:34:15 IST" name="loginTest" data-provider="getCredentials" finished-at="2024-09-12T23:34:22 IST" duration-ms="7438" status="FAIL">
          <params>
            <param index="0">
              <value>
                <![CDATA[shivam1234@hotmail.com]]>
              </value>
            </param>
            <param index="1">
              <value>
                <![CDATA[12345678]]>
              </value>
            </param>
          </params>
          <exception class="java.lang.AssertionError">
            <message>
              <![CDATA[expected [My Account] but found [Account Login]]]>
            </message>
            <full-stacktrace>
              <![CDATA[java.lang.AssertionError: expected [My Account] but found [Account Login]
at org.testng.Assert.fail(Assert.java:110)
at org.testng.Assert.failNotEquals(Assert.java:1413)
at org.testng.Assert.assertEqualsImpl(Assert.java:149)
at org.testng.Assert.assertEquals(Assert.java:131)
at org.testng.Assert.assertEquals(Assert.java:655)
at org.testng.Assert.assertEquals(Assert.java:665)
at testNGFeatures.LoginPageTest.loginTest(LoginPageTest.java:64)
at java.base/jdk.internal.reflect.NativeMethodAccessorImpl.invoke0(Native Method)
at java.base/jdk.internal.reflect.NativeMethodAccessorImpl.invoke(NativeMethodAccessorImpl.java:62)
at java.base/jdk.internal.reflect.DelegatingMethodAccessorImpl.invoke(DelegatingMethodAccessorImpl.java:43)
at java.base/java.lang.reflect.Method.invoke(Method.java:566)
at org.testng.internal.invokers.MethodInvocationHelper.invokeMethod(MethodInvocationHelper.java:139)
at org.testng.internal.invokers.TestInvoker.invokeMethod(TestInvoker.java:677)
at org.testng.internal.invokers.TestInvoker.invokeTestMethod(TestInvoker.java:221)
at org.testng.internal.invokers.MethodRunner.runInSequence(MethodRunner.java:50)
at org.testng.internal.invokers.TestInvoker$MethodInvocationAgent.invoke(TestInvoker.java:969)
at org.testng.internal.invokers.TestInvoker.invokeTestMethods(TestInvoker.java:194)
at org.testng.internal.invokers.TestMethodWorker.invokeTestMethods(TestMethodWorker.java:148)
at org.testng.internal.invokers.TestMethodWorker.run(TestMethodWorker.java:128)
at java.base/java.util.ArrayList.forEach(ArrayList.java:1541)
at org.testng.TestRunner.privateRun(TestRunner.java:829)
at org.testng.TestRunner.run(TestRunner.java:602)
at org.testng.SuiteRunner.runTest(SuiteRunner.java:437)
at org.testng.SuiteRunner$SuiteWorker.run(SuiteRunner.java:475)
at org.testng.internal.thread.ThreadUtil.lambda$execute$0(ThreadUtil.java:58)
at java.base/java.util.concurrent.FutureTask.run(FutureTask.java:264)
at java.base/java.util.concurrent.ThreadPoolExecutor.runWorker(ThreadPoolExecutor.java:1128)
at java.base/java.util.concurrent.ThreadPoolExecutor$Worker.run(ThreadPoolExecutor.java:628)
at java.base/java.lang.Thread.run(Thread.java:834)
]]>
            </full-stacktrace>
          </exception> <!-- java.lang.AssertionError -->
          <reporter-output>
          </reporter-output>
        </test-method> <!-- loginTest -->
        <test-method signature="loginTest(java.lang.String,java.lang.String)[pri:0, instance:testNGFeatures.LoginPageTest@28261e8e]" started-at="2024-09-12T23:34:22 IST" name="loginTest" data-provider="getCredentials" finished-at="2024-09-12T23:34:25 IST" duration-ms="2902" status="FAIL">
          <params>
            <param index="0">
              <value>
                <![CDATA[deepak1234@gmail.com]]>
              </value>
            </param>
            <param index="1">
              <value>
                <![CDATA[123123123]]>
              </value>
            </param>
          </params>
          <exception class="java.lang.AssertionError">
            <message>
              <![CDATA[expected [My Account] but found [Account Login]]]>
            </message>
            <full-stacktrace>
              <![CDATA[java.lang.AssertionError: expected [My Account] but found [Account Login]
at org.testng.Assert.fail(Assert.java:110)
at org.testng.Assert.failNotEquals(Assert.java:1413)
at org.testng.Assert.assertEqualsImpl(Assert.java:149)
at org.testng.Assert.assertEquals(Assert.java:131)
at org.testng.Assert.assertEquals(Assert.java:655)
at org.testng.Assert.assertEquals(Assert.java:665)
at testNGFeatures.LoginPageTest.loginTest(LoginPageTest.java:64)
at java.base/jdk.internal.reflect.NativeMethodAccessorImpl.invoke0(Native Method)
at java.base/jdk.internal.reflect.NativeMethodAccessorImpl.invoke(NativeMethodAccessorImpl.java:62)
at java.base/jdk.internal.reflect.DelegatingMethodAccessorImpl.invoke(DelegatingMethodAccessorImpl.java:43)
at java.base/java.lang.reflect.Method.invoke(Method.java:566)
at org.testng.internal.invokers.MethodInvocationHelper.invokeMethod(MethodInvocationHelper.java:139)
at org.testng.internal.invokers.TestInvoker.invokeMethod(TestInvoker.java:677)
at org.testng.internal.invokers.TestInvoker.invokeTestMethod(TestInvoker.java:221)
at org.testng.internal.invokers.MethodRunner.runInSequence(MethodRunner.java:50)
at org.testng.internal.invokers.TestInvoker$MethodInvocationAgent.invoke(TestInvoker.java:969)
at org.testng.internal.invokers.TestInvoker.invokeTestMethods(TestInvoker.java:194)
at org.testng.internal.invokers.TestMethodWorker.invokeTestMethods(TestMethodWorker.java:148)
at org.testng.internal.invokers.TestMethodWorker.run(TestMethodWorker.java:128)
at java.base/java.util.ArrayList.forEach(ArrayList.java:1541)
at org.testng.TestRunner.privateRun(TestRunner.java:829)
at org.testng.TestRunner.run(TestRunner.java:602)
at org.testng.SuiteRunner.runTest(SuiteRunner.java:437)
at org.testng.SuiteRunner$SuiteWorker.run(SuiteRunner.java:475)
at org.testng.internal.thread.ThreadUtil.lambda$execute$0(ThreadUtil.java:58)
at java.base/java.util.concurrent.FutureTask.run(FutureTask.java:264)
at java.base/java.util.concurrent.ThreadPoolExecutor.runWorker(ThreadPoolExecutor.java:1128)
at java.base/java.util.concurrent.ThreadPoolExecutor$Worker.run(ThreadPoolExecutor.java:628)
at java.base/java.lang.Thread.run(Thread.java:834)
]]>
            </full-stacktrace>
          </exception> <!-- java.lang.AssertionError -->
          <reporter-output>
          </reporter-output>
        </test-method> <!-- loginTest -->
        <test-method is-config="true" signature="tearDown()[pri:0, instance:testNGFeatures.LoginPageTest@28261e8e]" started-at="2024-09-12T23:34:25 IST" name="tearDown" finished-at="2024-09-12T23:34:27 IST" duration-ms="2135" status="PASS">
          <reporter-output>
          </reporter-output>
        </test-method> <!-- tearDown -->
      </class> <!-- testNGFeatures.LoginPageTest -->
    </test> <!-- Open Cart Login Page Test -->
  </suite> <!-- TestNG Regression suite -->
</testng-results>
